<?xml version="1.0" encoding="UTF-8"?>
<!-- Generated by org.testng.reporters.JUnitXMLReporter -->
<testsuite ignored="0" hostname="LAPTOP-QHG03NQL" failures="0" tests="7" name="Surefire test" time="61.495" errors="0" timestamp="2026-05-19T09:10:13 IST">
  <testcase classname="org.tests.qa.CheckoutTest" name="guestCheckoutFlowTest" time="13.794"/>
  <testcase classname="org.tests.qa.LoginTest" name="validLoginTest" time="5.02"/>
  <testcase classname="org.tests.qa.LoginTest" name="invalidLoginTest" time="0.857"/>
  <testcase classname="org.tests.qa.LoginTest" name="blankLoginTest" time="0.937"/>
  <testcase classname="org.tests.qa.SearchAndCartTest" name="searchProductTest" time="1.498"/>
  <testcase classname="org.tests.qa.SearchAndCartTest" name="addProductToCartTest" time="3.744"/>
  <testcase classname="org.tests.qa.SearchAndCartTest" name="verifyCartItemTest" time="3.748"/>
</testsuite> <!-- Surefire test -->
