<?xml version="1.0" encoding="UTF-8"?>
<!-- Generated by org.testng.reporters.JUnitXMLReporter -->
<testsuite ignored="0" hostname="LAPTOP-QHG03NQL" failures="0" tests="7" name="Test" time="70.351" errors="0" timestamp="2026-05-16T01:15:29 IST">
  <testcase classname="org.tests.qa.LoginTest" name="validLoginTest" time="7.602"/>
  <testcase classname="org.tests.qa.LoginTest" name="invalidLoginTest" time="0.912"/>
  <testcase classname="org.tests.qa.LoginTest" name="blankLoginTest" time="1.068"/>
  <testcase classname="org.tests.qa.SearchAndCartTest" name="searchProductTest" time="1.816"/>
  <testcase classname="org.tests.qa.SearchAndCartTest" name="addProductToCartTest" time="4.664"/>
  <testcase classname="org.tests.qa.SearchAndCartTest" name="verifyCartItemTest" time="3.982"/>
  <testcase classname="org.tests.qa.CheckoutTest" name="guestCheckoutFlowTest" time="16.408"/>
</testsuite> <!-- Test -->
