<?xml version="1.0" encoding="UTF-8"?>
<!-- Generated by org.testng.reporters.JUnitXMLReporter -->
<testsuite ignored="0" hostname="LAPTOP-QHG03NQL" failures="0" tests="7" name="Test" time="57.058" errors="0" timestamp="2026-05-17T11:57:59 IST">
  <testcase classname="org.tests.qa.LoginTest" name="validLoginTest" time="5.15"/>
  <testcase classname="org.tests.qa.LoginTest" name="invalidLoginTest" time="0.653"/>
  <testcase classname="org.tests.qa.LoginTest" name="blankLoginTest" time="0.832"/>
  <testcase classname="org.tests.qa.SearchAndCartTest" name="searchProductTest" time="1.356"/>
  <testcase classname="org.tests.qa.SearchAndCartTest" name="addProductToCartTest" time="2.83"/>
  <testcase classname="org.tests.qa.SearchAndCartTest" name="verifyCartItemTest" time="3.368"/>
  <testcase classname="org.tests.qa.CheckoutTest" name="guestCheckoutFlowTest" time="12.321"/>
</testsuite> <!-- Test -->
