<?xml version="1.0" encoding="UTF-8"?>
<!-- Generated by org.testng.reporters.JUnitXMLReporter -->
<testsuite ignored="0" hostname="LAPTOP-QHG03NQL" failures="0" tests="3" name="Default test" time="28.117" errors="0" timestamp="2026-05-16T00:51:23 IST">
  <testcase classname="org.tests.qa.LoginTest" name="validLoginTest" time="9.057"/>
  <testcase classname="org.tests.qa.LoginTest" name="invalidLoginTest" time="1.522"/>
  <testcase classname="org.tests.qa.LoginTest" name="blankLoginTest" time="1.248"/>
</testsuite> <!-- Default test -->
