<?xml version="1.0" encoding="UTF-8"?>
<testsuite xmlns:xsi="http://www.w3.org/2001/XMLSchema-instance" xsi:noNamespaceSchemaLocation="https://maven.apache.org/surefire/maven-surefire-plugin/xsd/surefire-test-report.xsd" version="3.0.2" name="TestSuite" time="63.218" tests="7" errors="0" skipped="0" failures="0" flakes="0">
  <properties>
[...]
</properties>
  <testcase name="guestCheckoutFlowTest" classname="org.tests.qa.CheckoutTest" time="13.783">
    <system-err><![CDATA[SLF4J(W): No SLF4J providers were found.
SLF4J(W): Defaulting to no-operation (NOP) logger implementation
SLF4J(W): See https://www.slf4j.org/codes.html#noProviders for further details.
]]></system-err>
  </testcase>
  <testcase name="validLoginTest" classname="org.tests.qa.LoginTest" time="5.021">
    <system-out><![CDATA[Screenshot saved at: C:\ITV MAVEN\Automation project\Automation_Project/screenshots/guestCheckoutFlowTest_Passed_20260519_090930.png
]]></system-out>
  </testcase>
  <testcase name="invalidLoginTest" classname="org.tests.qa.LoginTest" time="0.857">
    <system-out><![CDATA[Screenshot saved at: C:\ITV MAVEN\Automation project\Automation_Project/screenshots/validLoginTest_Passed_20260519_090940.png
]]></system-out>
  </testcase>
  <testcase name="blankLoginTest" classname="org.tests.qa.LoginTest" time="0.937">
    <system-out><![CDATA[Screenshot saved at: C:\ITV MAVEN\Automation project\Automation_Project/screenshots/invalidLoginTest_Passed_20260519_090945.png
]]></system-out>
  </testcase>
  <testcase name="searchProductTest" classname="org.tests.qa.SearchAndCartTest" time="1.498">
    <system-out><![CDATA[Screenshot saved at: C:\ITV MAVEN\Automation project\Automation_Project/screenshots/blankLoginTest_Passed_20260519_090950.png
]]></system-out>
  </testcase>
  <testcase name="addProductToCartTest" classname="org.tests.qa.SearchAndCartTest" time="3.743">
    <system-out><![CDATA[Screenshot saved at: C:\ITV MAVEN\Automation project\Automation_Project/screenshots/searchProductTest_Passed_20260519_090956.png
]]></system-out>
  </testcase>
  <testcase name="verifyCartItemTest" classname="org.tests.qa.SearchAndCartTest" time="3.748">
    <system-out><![CDATA[Screenshot saved at: C:\ITV MAVEN\Automation project\Automation_Project/screenshots/addProductToCartTest_Passed_20260519_091004.png
]]></system-out>
  </testcase>
</testsuite>