<?xml version="1.0" encoding="UTF-8"?>
<testng-results ignored="0" total="7" passed="7" failed="0" skipped="0">
  <reporter-output>
  </reporter-output>
  <suite started-at="2026-05-19T09:09:11 IST" name="Surefire suite" finished-at="2026-05-19T09:10:13 IST" duration-ms="61495">
    <groups>
    </groups>
    <test started-at="2026-05-19T09:09:11 IST" name="Surefire test" finished-at="2026-05-19T09:10:13 IST" duration-ms="61495">
      <class name="org.tests.qa.SearchAndCartTest">
        <test-method is-config="true" signature="setup()[pri:0, instance:org.tests.qa.SearchAndCartTest@69930714]" started-at="2026-05-19T09:09:51 IST" name="setup" finished-at="2026-05-19T09:09:54 IST" duration-ms="3485" status="PASS">
          <reporter-output>
          </reporter-output>
        </test-method> <!-- setup -->
        <test-method signature="searchProductTest()[pri:1, instance:org.tests.qa.SearchAndCartTest@69930714]" started-at="2026-05-19T09:09:54 IST" name="searchProductTest" finished-at="2026-05-19T09:09:56 IST" duration-ms="1498" status="PASS">
          <reporter-output>
          </reporter-output>
        </test-method> <!-- searchProductTest -->
        <test-method is-config="true" signature="teardown()[pri:0, instance:org.tests.qa.SearchAndCartTest@69930714]" started-at="2026-05-19T09:09:56 IST" name="teardown" finished-at="2026-05-19T09:09:57 IST" duration-ms="380" status="PASS">
          <reporter-output>
          </reporter-output>
        </test-method> <!-- teardown -->
        <test-method is-config="true" signature="setup()[pri:0, instance:org.tests.qa.SearchAndCartTest@69930714]" started-at="2026-05-19T09:09:57 IST" name="setup" finished-at="2026-05-19T09:10:00 IST" duration-ms="3801" status="PASS">
          <reporter-output>
          </reporter-output>
        </test-method> <!-- setup -->
        <test-method signature="addProductToCartTest()[pri:2, instance:org.tests.qa.SearchAndCartTest@69930714]" started-at="2026-05-19T09:10:00 IST" name="addProductToCartTest" finished-at="2026-05-19T09:10:04 IST" depends-on-methods="org.tests.qa.SearchAndCartTest.searchProductTest" duration-ms="3744" status="PASS">
          <reporter-output>
          </reporter-output>
        </test-method> <!-- addProductToCartTest -->
        <test-method is-config="true" signature="teardown()[pri:0, instance:org.tests.qa.SearchAndCartTest@69930714]" started-at="2026-05-19T09:10:04 IST" name="teardown" finished-at="2026-05-19T09:10:05 IST" duration-ms="373" status="PASS">
          <reporter-output>
          </reporter-output>
        </test-method> <!-- teardown -->
        <test-method is-config="true" signature="setup()[pri:0, instance:org.tests.qa.SearchAndCartTest@69930714]" started-at="2026-05-19T09:10:05 IST" name="setup" finished-at="2026-05-19T09:10:08 IST" duration-ms="3791" status="PASS">
          <reporter-output>
          </reporter-output>
        </test-method> <!-- setup -->
        <test-method signature="verifyCartItemTest()[pri:3, instance:org.tests.qa.SearchAndCartTest@69930714]" started-at="2026-05-19T09:10:08 IST" name="verifyCartItemTest" finished-at="2026-05-19T09:10:12 IST" depends-on-methods="org.tests.qa.SearchAndCartTest.addProductToCartTest" duration-ms="3748" status="PASS">
          <reporter-output>
          </reporter-output>
        </test-method> <!-- verifyCartItemTest -->
        <test-method is-config="true" signature="teardown()[pri:0, instance:org.tests.qa.SearchAndCartTest@69930714]" started-at="2026-05-19T09:10:12 IST" name="teardown" finished-at="2026-05-19T09:10:13 IST" duration-ms="391" status="PASS">
          <reporter-output>
          </reporter-output>
        </test-method> <!-- teardown -->
      </class> <!-- org.tests.qa.SearchAndCartTest -->
      <class name="org.tests.qa.CheckoutTest">
        <test-method is-config="true" signature="setup()[pri:0, instance:org.tests.qa.CheckoutTest@780cb77]" started-at="2026-05-19T09:09:11 IST" name="setup" finished-at="2026-05-19T09:09:16 IST" duration-ms="5176" status="PASS">
          <reporter-output>
          </reporter-output>
        </test-method> <!-- setup -->
        <test-method signature="guestCheckoutFlowTest()[pri:0, instance:org.tests.qa.CheckoutTest@780cb77]" started-at="2026-05-19T09:09:16 IST" name="guestCheckoutFlowTest" finished-at="2026-05-19T09:09:30 IST" duration-ms="13794" status="PASS">
          <reporter-output>
          </reporter-output>
        </test-method> <!-- guestCheckoutFlowTest -->
        <test-method is-config="true" signature="teardown()[pri:0, instance:org.tests.qa.CheckoutTest@780cb77]" started-at="2026-05-19T09:09:30 IST" name="teardown" finished-at="2026-05-19T09:09:31 IST" duration-ms="486" status="PASS">
          <reporter-output>
          </reporter-output>
        </test-method> <!-- teardown -->
      </class> <!-- org.tests.qa.CheckoutTest -->
      <class name="org.tests.qa.LoginTest">
        <test-method is-config="true" signature="setup()[pri:0, instance:org.tests.qa.LoginTest@d83da2e]" started-at="2026-05-19T09:09:31 IST" name="setup" finished-at="2026-05-19T09:09:35 IST" duration-ms="4148" status="PASS">
          <reporter-output>
          </reporter-output>
        </test-method> <!-- setup -->
        <test-method signature="validLoginTest()[pri:1, instance:org.tests.qa.LoginTest@d83da2e]" started-at="2026-05-19T09:09:35 IST" name="validLoginTest" finished-at="2026-05-19T09:09:40 IST" duration-ms="5020" status="PASS">
          <reporter-output>
          </reporter-output>
        </test-method> <!-- validLoginTest -->
        <test-method is-config="true" signature="teardown()[pri:0, instance:org.tests.qa.LoginTest@d83da2e]" started-at="2026-05-19T09:09:40 IST" name="teardown" finished-at="2026-05-19T09:09:41 IST" duration-ms="457" status="PASS">
          <reporter-output>
          </reporter-output>
        </test-method> <!-- teardown -->
        <test-method is-config="true" signature="setup()[pri:0, instance:org.tests.qa.LoginTest@d83da2e]" started-at="2026-05-19T09:09:41 IST" name="setup" finished-at="2026-05-19T09:09:44 IST" duration-ms="3738" status="PASS">
          <reporter-output>
          </reporter-output>
        </test-method> <!-- setup -->
        <test-method signature="invalidLoginTest()[pri:2, instance:org.tests.qa.LoginTest@d83da2e]" started-at="2026-05-19T09:09:44 IST" name="invalidLoginTest" finished-at="2026-05-19T09:09:45 IST" duration-ms="857" status="PASS">
          <reporter-output>
          </reporter-output>
        </test-method> <!-- invalidLoginTest -->
        <test-method is-config="true" signature="teardown()[pri:0, instance:org.tests.qa.LoginTest@d83da2e]" started-at="2026-05-19T09:09:45 IST" name="teardown" finished-at="2026-05-19T09:09:46 IST" duration-ms="410" status="PASS">
          <reporter-output>
          </reporter-output>
        </test-method> <!-- teardown -->
        <test-method is-config="true" signature="setup()[pri:0, instance:org.tests.qa.LoginTest@d83da2e]" started-at="2026-05-19T09:09:46 IST" name="setup" finished-at="2026-05-19T09:09:49 IST" duration-ms="3617" status="PASS">
          <reporter-output>
          </reporter-output>
        </test-method> <!-- setup -->
        <test-method signature="blankLoginTest()[pri:3, instance:org.tests.qa.LoginTest@d83da2e]" started-at="2026-05-19T09:09:49 IST" name="blankLoginTest" finished-at="2026-05-19T09:09:50 IST" duration-ms="937" status="PASS">
          <reporter-output>
          </reporter-output>
        </test-method> <!-- blankLoginTest -->
        <test-method is-config="true" signature="teardown()[pri:0, instance:org.tests.qa.LoginTest@d83da2e]" started-at="2026-05-19T09:09:51 IST" name="teardown" finished-at="2026-05-19T09:09:51 IST" duration-ms="356" status="PASS">
          <reporter-output>
          </reporter-output>
        </test-method> <!-- teardown -->
      </class> <!-- org.tests.qa.LoginTest -->
    </test> <!-- Surefire test -->
  </suite> <!-- Surefire suite -->
</testng-results>
