<?xml version="1.0" encoding="UTF-8"?>
<testng-results ignored="0" total="7" passed="7" failed="0" skipped="0">
  <reporter-output>
  </reporter-output>
  <suite started-at="2026-05-16T01:14:19 IST" name="Testing" finished-at="2026-05-16T01:15:29 IST" duration-ms="70351">
    <groups>
    </groups>
    <test started-at="2026-05-16T01:14:19 IST" name="Test" finished-at="2026-05-16T01:15:29 IST" duration-ms="70351">
      <class name="org.tests.qa.CheckoutTest">
        <test-method is-config="true" signature="setup()[pri:0, instance:org.tests.qa.CheckoutTest@38af9828]" started-at="2026-05-16T01:15:08 IST" name="setup" finished-at="2026-05-16T01:15:12 IST" duration-ms="4051" status="PASS">
          <reporter-output>
          </reporter-output>
        </test-method> <!-- setup -->
        <test-method signature="guestCheckoutFlowTest()[pri:0, instance:org.tests.qa.CheckoutTest@38af9828]" started-at="2026-05-16T01:15:12 IST" name="guestCheckoutFlowTest" finished-at="2026-05-16T01:15:29 IST" duration-ms="16408" status="PASS">
          <reporter-output>
          </reporter-output>
        </test-method> <!-- guestCheckoutFlowTest -->
        <test-method is-config="true" signature="teardown()[pri:0, instance:org.tests.qa.CheckoutTest@38af9828]" started-at="2026-05-16T01:15:29 IST" name="teardown" finished-at="2026-05-16T01:15:29 IST" duration-ms="403" status="PASS">
          <reporter-output>
          </reporter-output>
        </test-method> <!-- teardown -->
      </class> <!-- org.tests.qa.CheckoutTest -->
      <class name="org.tests.qa.SearchAndCartTest">
        <test-method is-config="true" signature="setup()[pri:0, instance:org.tests.qa.SearchAndCartTest@76b07f29]" started-at="2026-05-16T01:14:44 IST" name="setup" finished-at="2026-05-16T01:14:48 IST" duration-ms="3503" status="PASS">
          <reporter-output>
          </reporter-output>
        </test-method> <!-- setup -->
        <test-method signature="searchProductTest()[pri:1, instance:org.tests.qa.SearchAndCartTest@76b07f29]" started-at="2026-05-16T01:14:48 IST" name="searchProductTest" finished-at="2026-05-16T01:14:49 IST" duration-ms="1816" status="PASS">
          <reporter-output>
          </reporter-output>
        </test-method> <!-- searchProductTest -->
        <test-method is-config="true" signature="teardown()[pri:0, instance:org.tests.qa.SearchAndCartTest@76b07f29]" started-at="2026-05-16T01:14:50 IST" name="teardown" finished-at="2026-05-16T01:14:50 IST" duration-ms="317" status="PASS">
          <reporter-output>
          </reporter-output>
        </test-method> <!-- teardown -->
        <test-method is-config="true" signature="setup()[pri:0, instance:org.tests.qa.SearchAndCartTest@76b07f29]" started-at="2026-05-16T01:14:50 IST" name="setup" finished-at="2026-05-16T01:14:55 IST" duration-ms="4600" status="PASS">
          <reporter-output>
          </reporter-output>
        </test-method> <!-- setup -->
        <test-method signature="addProductToCartTest()[pri:2, instance:org.tests.qa.SearchAndCartTest@76b07f29]" started-at="2026-05-16T01:14:55 IST" name="addProductToCartTest" finished-at="2026-05-16T01:14:59 IST" depends-on-methods="org.tests.qa.SearchAndCartTest.searchProductTest" duration-ms="4664" status="PASS">
          <reporter-output>
          </reporter-output>
        </test-method> <!-- addProductToCartTest -->
        <test-method is-config="true" signature="teardown()[pri:0, instance:org.tests.qa.SearchAndCartTest@76b07f29]" started-at="2026-05-16T01:14:59 IST" name="teardown" finished-at="2026-05-16T01:15:00 IST" duration-ms="364" status="PASS">
          <reporter-output>
          </reporter-output>
        </test-method> <!-- teardown -->
        <test-method is-config="true" signature="setup()[pri:0, instance:org.tests.qa.SearchAndCartTest@76b07f29]" started-at="2026-05-16T01:15:00 IST" name="setup" finished-at="2026-05-16T01:15:04 IST" duration-ms="4026" status="PASS">
          <reporter-output>
          </reporter-output>
        </test-method> <!-- setup -->
        <test-method signature="verifyCartItemTest()[pri:3, instance:org.tests.qa.SearchAndCartTest@76b07f29]" started-at="2026-05-16T01:15:04 IST" name="verifyCartItemTest" finished-at="2026-05-16T01:15:08 IST" depends-on-methods="org.tests.qa.SearchAndCartTest.addProductToCartTest" duration-ms="3982" status="PASS">
          <reporter-output>
          </reporter-output>
        </test-method> <!-- verifyCartItemTest -->
        <test-method is-config="true" signature="teardown()[pri:0, instance:org.tests.qa.SearchAndCartTest@76b07f29]" started-at="2026-05-16T01:15:08 IST" name="teardown" finished-at="2026-05-16T01:15:08 IST" duration-ms="295" status="PASS">
          <reporter-output>
          </reporter-output>
        </test-method> <!-- teardown -->
      </class> <!-- org.tests.qa.SearchAndCartTest -->
      <class name="org.tests.qa.LoginTest">
        <test-method is-config="true" signature="setup()[pri:0, instance:org.tests.qa.LoginTest@78452606]" started-at="2026-05-16T01:14:19 IST" name="setup" finished-at="2026-05-16T01:14:24 IST" duration-ms="4847" status="PASS">
          <reporter-output>
          </reporter-output>
        </test-method> <!-- setup -->
        <test-method signature="validLoginTest()[pri:1, instance:org.tests.qa.LoginTest@78452606]" started-at="2026-05-16T01:14:24 IST" name="validLoginTest" finished-at="2026-05-16T01:14:32 IST" duration-ms="7602" status="PASS">
          <reporter-output>
          </reporter-output>
        </test-method> <!-- validLoginTest -->
        <test-method is-config="true" signature="teardown()[pri:0, instance:org.tests.qa.LoginTest@78452606]" started-at="2026-05-16T01:14:32 IST" name="teardown" finished-at="2026-05-16T01:14:32 IST" duration-ms="520" status="PASS">
          <reporter-output>
          </reporter-output>
        </test-method> <!-- teardown -->
        <test-method is-config="true" signature="setup()[pri:0, instance:org.tests.qa.LoginTest@78452606]" started-at="2026-05-16T01:14:32 IST" name="setup" finished-at="2026-05-16T01:14:37 IST" duration-ms="4235" status="PASS">
          <reporter-output>
          </reporter-output>
        </test-method> <!-- setup -->
        <test-method signature="invalidLoginTest()[pri:2, instance:org.tests.qa.LoginTest@78452606]" started-at="2026-05-16T01:14:37 IST" name="invalidLoginTest" finished-at="2026-05-16T01:14:37 IST" duration-ms="912" status="PASS">
          <reporter-output>
          </reporter-output>
        </test-method> <!-- invalidLoginTest -->
        <test-method is-config="true" signature="teardown()[pri:0, instance:org.tests.qa.LoginTest@78452606]" started-at="2026-05-16T01:14:38 IST" name="teardown" finished-at="2026-05-16T01:14:38 IST" duration-ms="352" status="PASS">
          <reporter-output>
          </reporter-output>
        </test-method> <!-- teardown -->
        <test-method is-config="true" signature="setup()[pri:0, instance:org.tests.qa.LoginTest@78452606]" started-at="2026-05-16T01:14:38 IST" name="setup" finished-at="2026-05-16T01:14:42 IST" duration-ms="4390" status="PASS">
          <reporter-output>
          </reporter-output>
        </test-method> <!-- setup -->
        <test-method signature="blankLoginTest()[pri:3, instance:org.tests.qa.LoginTest@78452606]" started-at="2026-05-16T01:14:42 IST" name="blankLoginTest" finished-at="2026-05-16T01:14:44 IST" duration-ms="1068" status="PASS">
          <reporter-output>
          </reporter-output>
        </test-method> <!-- blankLoginTest -->
        <test-method is-config="true" signature="teardown()[pri:0, instance:org.tests.qa.LoginTest@78452606]" started-at="2026-05-16T01:14:44 IST" name="teardown" finished-at="2026-05-16T01:14:44 IST" duration-ms="314" status="PASS">
          <reporter-output>
          </reporter-output>
        </test-method> <!-- teardown -->
      </class> <!-- org.tests.qa.LoginTest -->
    </test> <!-- Test -->
  </suite> <!-- Testing -->
</testng-results>
