<?xml version="1.0" encoding="UTF-8"?>
<testng-results ignored="0" total="7" passed="7" failed="0" skipped="0">
  <reporter-output>
  </reporter-output>
  <suite started-at="2026-05-17T11:57:02 IST" name="Testing" finished-at="2026-05-17T11:57:59 IST" duration-ms="57058">
    <groups>
    </groups>
    <test started-at="2026-05-17T11:57:02 IST" name="Test" finished-at="2026-05-17T11:57:59 IST" duration-ms="57058">
      <class name="org.tests.qa.CheckoutTest">
        <test-method is-config="true" signature="setup()[pri:0, instance:org.tests.qa.CheckoutTest@38af9828]" started-at="2026-05-17T11:57:44 IST" name="setup" finished-at="2026-05-17T11:57:47 IST" duration-ms="2915" status="PASS">
          <reporter-output>
          </reporter-output>
        </test-method> <!-- setup -->
        <test-method signature="guestCheckoutFlowTest()[pri:0, instance:org.tests.qa.CheckoutTest@38af9828]" started-at="2026-05-17T11:57:47 IST" name="guestCheckoutFlowTest" finished-at="2026-05-17T11:57:59 IST" duration-ms="12321" status="PASS">
          <reporter-output>
          </reporter-output>
        </test-method> <!-- guestCheckoutFlowTest -->
        <test-method is-config="true" signature="teardown()[pri:0, instance:org.tests.qa.CheckoutTest@38af9828]" started-at="2026-05-17T11:57:59 IST" name="teardown" finished-at="2026-05-17T11:57:59 IST" duration-ms="300" status="PASS">
          <reporter-output>
          </reporter-output>
        </test-method> <!-- teardown -->
      </class> <!-- org.tests.qa.CheckoutTest -->
      <class name="org.tests.qa.SearchAndCartTest">
        <test-method is-config="true" signature="setup()[pri:0, instance:org.tests.qa.SearchAndCartTest@76b07f29]" started-at="2026-05-17T11:57:25 IST" name="setup" finished-at="2026-05-17T11:57:28 IST" duration-ms="2745" status="PASS">
          <reporter-output>
          </reporter-output>
        </test-method> <!-- setup -->
        <test-method signature="searchProductTest()[pri:1, instance:org.tests.qa.SearchAndCartTest@76b07f29]" started-at="2026-05-17T11:57:28 IST" name="searchProductTest" finished-at="2026-05-17T11:57:29 IST" duration-ms="1356" status="PASS">
          <reporter-output>
          </reporter-output>
        </test-method> <!-- searchProductTest -->
        <test-method is-config="true" signature="teardown()[pri:0, instance:org.tests.qa.SearchAndCartTest@76b07f29]" started-at="2026-05-17T11:57:29 IST" name="teardown" finished-at="2026-05-17T11:57:30 IST" duration-ms="292" status="PASS">
          <reporter-output>
          </reporter-output>
        </test-method> <!-- teardown -->
        <test-method is-config="true" signature="setup()[pri:0, instance:org.tests.qa.SearchAndCartTest@76b07f29]" started-at="2026-05-17T11:57:30 IST" name="setup" finished-at="2026-05-17T11:57:33 IST" duration-ms="3205" status="PASS">
          <reporter-output>
          </reporter-output>
        </test-method> <!-- setup -->
        <test-method signature="addProductToCartTest()[pri:2, instance:org.tests.qa.SearchAndCartTest@76b07f29]" started-at="2026-05-17T11:57:33 IST" name="addProductToCartTest" finished-at="2026-05-17T11:57:36 IST" depends-on-methods="org.tests.qa.SearchAndCartTest.searchProductTest" duration-ms="2830" status="PASS">
          <reporter-output>
          </reporter-output>
        </test-method> <!-- addProductToCartTest -->
        <test-method is-config="true" signature="teardown()[pri:0, instance:org.tests.qa.SearchAndCartTest@76b07f29]" started-at="2026-05-17T11:57:36 IST" name="teardown" finished-at="2026-05-17T11:57:36 IST" duration-ms="269" status="PASS">
          <reporter-output>
          </reporter-output>
        </test-method> <!-- teardown -->
        <test-method is-config="true" signature="setup()[pri:0, instance:org.tests.qa.SearchAndCartTest@76b07f29]" started-at="2026-05-17T11:57:36 IST" name="setup" finished-at="2026-05-17T11:57:40 IST" duration-ms="3807" status="PASS">
          <reporter-output>
          </reporter-output>
        </test-method> <!-- setup -->
        <test-method signature="verifyCartItemTest()[pri:3, instance:org.tests.qa.SearchAndCartTest@76b07f29]" started-at="2026-05-17T11:57:40 IST" name="verifyCartItemTest" finished-at="2026-05-17T11:57:43 IST" depends-on-methods="org.tests.qa.SearchAndCartTest.addProductToCartTest" duration-ms="3368" status="PASS">
          <reporter-output>
          </reporter-output>
        </test-method> <!-- verifyCartItemTest -->
        <test-method is-config="true" signature="teardown()[pri:0, instance:org.tests.qa.SearchAndCartTest@76b07f29]" started-at="2026-05-17T11:57:43 IST" name="teardown" finished-at="2026-05-17T11:57:44 IST" duration-ms="305" status="PASS">
          <reporter-output>
          </reporter-output>
        </test-method> <!-- teardown -->
      </class> <!-- org.tests.qa.SearchAndCartTest -->
      <class name="org.tests.qa.LoginTest">
        <test-method is-config="true" signature="setup()[pri:0, instance:org.tests.qa.LoginTest@78452606]" started-at="2026-05-17T11:57:02 IST" name="setup" finished-at="2026-05-17T11:57:11 IST" duration-ms="8684" status="PASS">
          <reporter-output>
          </reporter-output>
        </test-method> <!-- setup -->
        <test-method signature="validLoginTest()[pri:1, instance:org.tests.qa.LoginTest@78452606]" started-at="2026-05-17T11:57:11 IST" name="validLoginTest" finished-at="2026-05-17T11:57:16 IST" duration-ms="5150" status="PASS">
          <reporter-output>
          </reporter-output>
        </test-method> <!-- validLoginTest -->
        <test-method is-config="true" signature="teardown()[pri:0, instance:org.tests.qa.LoginTest@78452606]" started-at="2026-05-17T11:57:17 IST" name="teardown" finished-at="2026-05-17T11:57:17 IST" duration-ms="277" status="PASS">
          <reporter-output>
          </reporter-output>
        </test-method> <!-- teardown -->
        <test-method is-config="true" signature="setup()[pri:0, instance:org.tests.qa.LoginTest@78452606]" started-at="2026-05-17T11:57:17 IST" name="setup" finished-at="2026-05-17T11:57:20 IST" duration-ms="2879" status="PASS">
          <reporter-output>
          </reporter-output>
        </test-method> <!-- setup -->
        <test-method signature="invalidLoginTest()[pri:2, instance:org.tests.qa.LoginTest@78452606]" started-at="2026-05-17T11:57:20 IST" name="invalidLoginTest" finished-at="2026-05-17T11:57:20 IST" duration-ms="653" status="PASS">
          <reporter-output>
          </reporter-output>
        </test-method> <!-- invalidLoginTest -->
        <test-method is-config="true" signature="teardown()[pri:0, instance:org.tests.qa.LoginTest@78452606]" started-at="2026-05-17T11:57:21 IST" name="teardown" finished-at="2026-05-17T11:57:21 IST" duration-ms="198" status="PASS">
          <reporter-output>
          </reporter-output>
        </test-method> <!-- teardown -->
        <test-method is-config="true" signature="setup()[pri:0, instance:org.tests.qa.LoginTest@78452606]" started-at="2026-05-17T11:57:21 IST" name="setup" finished-at="2026-05-17T11:57:24 IST" duration-ms="3154" status="PASS">
          <reporter-output>
          </reporter-output>
        </test-method> <!-- setup -->
        <test-method signature="blankLoginTest()[pri:3, instance:org.tests.qa.LoginTest@78452606]" started-at="2026-05-17T11:57:24 IST" name="blankLoginTest" finished-at="2026-05-17T11:57:25 IST" duration-ms="832" status="PASS">
          <reporter-output>
          </reporter-output>
        </test-method> <!-- blankLoginTest -->
        <test-method is-config="true" signature="teardown()[pri:0, instance:org.tests.qa.LoginTest@78452606]" started-at="2026-05-17T11:57:25 IST" name="teardown" finished-at="2026-05-17T11:57:25 IST" duration-ms="219" status="PASS">
          <reporter-output>
          </reporter-output>
        </test-method> <!-- teardown -->
      </class> <!-- org.tests.qa.LoginTest -->
    </test> <!-- Test -->
  </suite> <!-- Testing -->
</testng-results>
