<?xml version="1.0" encoding="UTF-8"?>
<!-- Generated by org.testng.reporters.JUnitReportReporter -->
<testsuite hostname="LAPTOP-QHG03NQL" failures="0" tests="3" name="org.tests.qa.SearchAndCartTest" time="18.177" errors="0" timestamp="2026-05-17T11:58:00 IST" skipped="0">
  <testcase classname="org.tests.qa.SearchAndCartTest" name="searchProductTest" time="5.468"/>
  <testcase classname="org.tests.qa.SearchAndCartTest" name="addProductToCartTest" time="6.304"/>
  <testcase classname="org.tests.qa.SearchAndCartTest" name="verifyCartItemTest" time="6.405"/>
</testsuite> <!-- org.tests.qa.SearchAndCartTest -->
