<?xml version="1.0" encoding="UTF-8"?>
<!-- Generated by org.testng.reporters.JUnitReportReporter -->
<testsuite hostname="LAPTOP-QHG03NQL" failures="0" tests="3" name="org.tests.qa.LoginTest" time="22.046" errors="0" timestamp="2026-05-17T11:58:00 IST" skipped="0">
  <testcase classname="org.tests.qa.LoginTest" name="validLoginTest" time="8.581"/>
  <testcase classname="org.tests.qa.LoginTest" name="invalidLoginTest" time="9.556"/>
  <testcase classname="org.tests.qa.LoginTest" name="blankLoginTest" time="3.909"/>
</testsuite> <!-- org.tests.qa.LoginTest -->
