<?xml version="1.0" encoding="UTF-8"?>
<!-- Generated by org.testng.reporters.JUnitReportReporter -->
<testsuite hostname="LAPTOP-QHG03NQL" failures="0" tests="3" name="org.tests.qa.SearchAndCartTest" time="23.567" errors="0" timestamp="2026-05-16T01:15:30 IST" skipped="0">
  <testcase classname="org.tests.qa.SearchAndCartTest" name="searchProductTest" time="6.780"/>
  <testcase classname="org.tests.qa.SearchAndCartTest" name="addProductToCartTest" time="9.007"/>
  <testcase classname="org.tests.qa.SearchAndCartTest" name="verifyCartItemTest" time="7.780"/>
</testsuite> <!-- org.tests.qa.SearchAndCartTest -->
