<?xml version="1.0" encoding="UTF-8"?>
<!-- Generated by org.testng.reporters.JUnitReportReporter -->
<testsuite hostname="LAPTOP-QHG03NQL" failures="0" tests="3" name="org.tests.qa.LoginTest" time="24.240" errors="0" timestamp="2026-05-16T01:15:30 IST" skipped="0">
  <testcase classname="org.tests.qa.LoginTest" name="validLoginTest" time="12.512"/>
  <testcase classname="org.tests.qa.LoginTest" name="invalidLoginTest" time="6.073"/>
  <testcase classname="org.tests.qa.LoginTest" name="blankLoginTest" time="5.655"/>
</testsuite> <!-- org.tests.qa.LoginTest -->
