<?xml version="1.0" encoding="UTF-8"?>
<!-- Generated by org.testng.reporters.JUnitReportReporter -->
<testsuite hostname="LAPTOP-QHG03NQL" failures="0" tests="3" name="org.tests.qa.LoginTest" time="19.540" errors="0" timestamp="2026-05-19T09:10:14 IST" skipped="0">
  <testcase classname="org.tests.qa.LoginTest" name="validLoginTest" time="9.524"/>
  <testcase classname="org.tests.qa.LoginTest" name="invalidLoginTest" time="4.931"/>
  <testcase classname="org.tests.qa.LoginTest" name="blankLoginTest" time="5.085"/>
</testsuite> <!-- org.tests.qa.LoginTest -->
