<?xml version="1.0" encoding="UTF-8"?>
<!-- Generated by org.testng.reporters.JUnitReportReporter -->
<testsuite hostname="LAPTOP-QHG03NQL" failures="0" tests="3" name="org.tests.qa.SearchAndCartTest" time="21.211" errors="0" timestamp="2026-05-19T09:10:14 IST" skipped="0">
  <testcase classname="org.tests.qa.SearchAndCartTest" name="searchProductTest" time="5.662"/>
  <testcase classname="org.tests.qa.SearchAndCartTest" name="addProductToCartTest" time="7.936"/>
  <testcase classname="org.tests.qa.SearchAndCartTest" name="verifyCartItemTest" time="7.613"/>
</testsuite> <!-- org.tests.qa.SearchAndCartTest -->
